<?xml version="1.0" encoding="UTF-8"?>
<!-- Generated by org.testng.reporters.JUnitXMLReporter -->
<testsuite hostname="DESKTOP-5R5M6V1" ignored="0" name="Surefire test" tests="5" failures="0" timestamp="06 Sep 2021 12:08:30 GMT" time="0.101" errors="0">
  <testcase name="deleteTwitter" time="0.03" classname="mavenprojectpractice.ApiTest"/>
  <testcase name="postJira" time="0.001" classname="mavenprojectpractice.ApiTest"/>
  <testcase name="Androidapps" time="0.0" classname="mavenprojectpractice.AppiumTest"/>
  <testcase name="IOSApps" time="0.0" classname="mavenprojectpractice.AppiumTest"/>
  <testcase name="Browserrestart" time="0.001" classname="mavenprojectpractice.SeleniumTest"/>
</testsuite> <!-- Surefire test -->
