<?xml version="1.0" encoding="UTF-8"?>
<!-- Generated by org.testng.reporters.JUnitXMLReporter -->
<testsuite hostname="DESKTOP-5R5M6V1" ignored="0" name="Test" tests="4" failures="0" timestamp="06 Sep 2021 12:27:04 GMT" time="0.09" errors="0">
  <testcase name="Androidapps" time="0.023" classname="mavenprojectpractice.AppiumTest"/>
  <testcase name="IOSApps" time="0.002" classname="mavenprojectpractice.AppiumTest"/>
  <testcase name="deleteTwitter" time="0.0" classname="mavenprojectpractice.ApiTest"/>
  <testcase name="postJira" time="0.001" classname="mavenprojectpractice.ApiTest"/>
</testsuite> <!-- Test -->
